Performing C SOURCE FILE Test CMAKE_HAVE_LIBC_PTHREAD failed with the following output:
Change Dir: /home/stephanow/Documents/UTEC/eda/range-search/spatial-datastructures/build/CMakeFiles/CMakeTmp

Run Build Command(s):/usr/bin/make -f Makefile cmTC_8ffc9/fast && /usr/bin/make  -f CMakeFiles/cmTC_8ffc9.dir/build.make CMakeFiles/cmTC_8ffc9.dir/build
make[1]: Entering directory '/home/stephanow/Documents/UTEC/eda/range-search/spatial-datastructures/build/CMakeFiles/CMakeTmp'
Building C object CMakeFiles/cmTC_8ffc9.dir/src.c.o
/usr/bin/cc -DCMAKE_HAVE_LIBC_PTHREAD   -o CMakeFiles/cmTC_8ffc9.dir/src.c.o -c /home/stephanow/Documents/UTEC/eda/range-search/spatial-datastructures/build/CMakeFiles/CMakeTmp/src.c
Linking C executable cmTC_8ffc9
/var/lib/snapd/snap/cmake/888/bin/cmake -E cmake_link_script CMakeFiles/cmTC_8ffc9.dir/link.txt --verbose=1
/usr/bin/cc -rdynamic CMakeFiles/cmTC_8ffc9.dir/src.c.o -o cmTC_8ffc9 
/usr/bin/ld: CMakeFiles/cmTC_8ffc9.dir/src.c.o: in function `main':
src.c:(.text+0x3e): undefined reference to `pthread_create'
/usr/bin/ld: src.c:(.text+0x4a): undefined reference to `pthread_detach'
/usr/bin/ld: src.c:(.text+0x56): undefined reference to `pthread_cancel'
/usr/bin/ld: src.c:(.text+0x67): undefined reference to `pthread_join'
collect2: error: ld returned 1 exit status
make[1]: *** [CMakeFiles/cmTC_8ffc9.dir/build.make:99: cmTC_8ffc9] Error 1
make[1]: Leaving directory '/home/stephanow/Documents/UTEC/eda/range-search/spatial-datastructures/build/CMakeFiles/CMakeTmp'
make: *** [Makefile:127: cmTC_8ffc9/fast] Error 2


Source file was:
#include <pthread.h>

static void* test_func(void* data)
{
  return data;
}

int main(void)
{
  pthread_t thread;
  pthread_create(&thread, NULL, test_func, NULL);
  pthread_detach(thread);
  pthread_cancel(thread);
  pthread_join(thread, NULL);
  pthread_atfork(NULL, NULL, NULL);
  pthread_exit(NULL);

  return 0;
}

Determining if the function pthread_create exists in the pthreads failed with the following output:
Change Dir: /home/stephanow/Documents/UTEC/eda/range-search/spatial-datastructures/build/CMakeFiles/CMakeTmp

Run Build Command(s):/usr/bin/make -f Makefile cmTC_987df/fast && /usr/bin/make  -f CMakeFiles/cmTC_987df.dir/build.make CMakeFiles/cmTC_987df.dir/build
make[1]: Entering directory '/home/stephanow/Documents/UTEC/eda/range-search/spatial-datastructures/build/CMakeFiles/CMakeTmp'
Building C object CMakeFiles/cmTC_987df.dir/CheckFunctionExists.c.o
/usr/bin/cc   -DCHECK_FUNCTION_EXISTS=pthread_create -o CMakeFiles/cmTC_987df.dir/CheckFunctionExists.c.o -c /var/lib/snapd/snap/cmake/888/share/cmake-3.20/Modules/CheckFunctionExists.c
Linking C executable cmTC_987df
/var/lib/snapd/snap/cmake/888/bin/cmake -E cmake_link_script CMakeFiles/cmTC_987df.dir/link.txt --verbose=1
/usr/bin/cc  -DCHECK_FUNCTION_EXISTS=pthread_create -rdynamic CMakeFiles/cmTC_987df.dir/CheckFunctionExists.c.o -o cmTC_987df  -lpthreads 
/usr/bin/ld: cannot find -lpthreads
collect2: error: ld returned 1 exit status
make[1]: *** [CMakeFiles/cmTC_987df.dir/build.make:99: cmTC_987df] Error 1
make[1]: Leaving directory '/home/stephanow/Documents/UTEC/eda/range-search/spatial-datastructures/build/CMakeFiles/CMakeTmp'
make: *** [Makefile:127: cmTC_987df/fast] Error 2



